<?xml version="1.0" encoding="UTF-8"?>
<testsuite xmlns:xsi="http://www.w3.org/2001/XMLSchema-instance" xsi:noNamespaceSchemaLocation="https://maven.apache.org/surefire/maven-surefire-plugin/xsd/surefire-test-report.xsd" version="3.0.2" name="com.example.e2e.WorkingSecurityE2ETests" time="2.289" tests="13" errors="0" skipped="0" failures="0" flakes="0">
  <properties>
[...]
</properties>
  <testcase name="authzOpenIdConfigurationIsAccessible" classname="com.example.e2e.WorkingSecurityE2ETests" time="0.083"/>
  <testcase name="authzJwksEndpointReturnsKeys" classname="com.example.e2e.WorkingSecurityE2ETests" time="0.07"/>
  <testcase name="authzClientCredentialsGrantReturnsValidToken" classname="com.example.e2e.WorkingSecurityE2ETests" time="0.003"/>
  <testcase name="authzLoginPageIsServed" classname="com.example.e2e.WorkingSecurityE2ETests" time="0.092"/>
  <testcase name="serviceRejects401WithoutToken" classname="com.example.e2e.WorkingSecurityE2ETests" time="0.164"/>
  <testcase name="serviceMcpInitializeSucceeds" classname="com.example.e2e.WorkingSecurityE2ETests" time="0.246"/>
  <testcase name="serviceMcpToolsListReturnsScheduleAdoption" classname="com.example.e2e.WorkingSecurityE2ETests" time="0.23"/>
  <testcase name="serviceMcpToolCallExecutesScheduleAdoption" classname="com.example.e2e.WorkingSecurityE2ETests" time="0.204"/>
  <testcase name="serviceProtectedResourceMetadataIsAccessible" classname="com.example.e2e.WorkingSecurityE2ETests" time="0.09"/>
  <testcase name="clientRedirectsToAuthzForLogin" classname="com.example.e2e.WorkingSecurityE2ETests" time="0.199"/>
  <testcase name="clientOAuth2AuthorizationRedirectPointsToAuthz" classname="com.example.e2e.WorkingSecurityE2ETests" time="0.084"/>
  <testcase name="authzTokenIsAcceptedByService" classname="com.example.e2e.WorkingSecurityE2ETests" time="0.09"/>
  <testcase name="expiredOrInvalidTokenIsRejectedByService" classname="com.example.e2e.WorkingSecurityE2ETests" time="0.09"/>
</testsuite>